<?xml version="1.0" encoding="UTF-8"?>
<!-- Generated by org.testng.reporters.JUnitReportReporter -->
<testsuite skipped="0" hostname="IML011017923" name="WebAutomationTest.Window" tests="1" failures="0" timestamp="07 Feb 2019 12:34:41 GMT" time="34.429" errors="0">
  <testcase name="SwitchFrame" time="34.429" classname="WebAutomationTest.Window"/>
</testsuite> <!-- WebAutomationTest.Window -->
