<?xml version="1.0" encoding="UTF-8"?>
<!-- Generated by org.testng.reporters.JUnitReportReporter -->
<testsuite skipped="0" hostname="IML011017923" name="WebAutomationTest.Frame" tests="1" failures="0" timestamp="01 Jan 2019 04:48:28 GMT" time="30.358" errors="0">
  <testcase name="SwitchFrame" time="30.358" classname="WebAutomationTest.Frame"/>
</testsuite> <!-- WebAutomationTest.Frame -->
