<?xml version="1.0" encoding="UTF-8"?>
<!-- Generated by org.testng.reporters.JUnitReportReporter -->
<testsuite skipped="0" hostname="IML011017923" name="WebAutomationTest.Frame" tests="1" failures="0" timestamp="27 Dec 2018 15:26:37 GMT" time="27.306" errors="0">
  <testcase name="SwitchFrame" time="27.306" classname="WebAutomationTest.Frame"/>
</testsuite> <!-- WebAutomationTest.Frame -->
