<?xml version="1.0" encoding="UTF-8"?>
<!-- Generated by org.testng.reporters.JUnitReportReporter -->
<testsuite skipped="0" hostname="IML011017923" name="WebAutomationTest.Frame" tests="1" failures="0" timestamp="28 Dec 2018 11:56:09 GMT" time="34.661" errors="0">
  <testcase name="SwitchFrame" time="34.661" classname="WebAutomationTest.Frame"/>
</testsuite> <!-- WebAutomationTest.Frame -->
