<?xml version="1.0" encoding="UTF-8"?>
<!-- Generated by org.testng.reporters.JUnitReportReporter -->
<testsuite skipped="0" hostname="IML011017923" name="WebAutomationTest.Frame" tests="1" failures="0" timestamp="28 Dec 2018 15:07:01 GMT" time="30.778" errors="0">
  <testcase name="SwitchFrame" time="30.778" classname="WebAutomationTest.Frame"/>
</testsuite> <!-- WebAutomationTest.Frame -->
