<?xml version="1.0" encoding="UTF-8"?>
<!-- Generated by org.testng.reporters.JUnitReportReporter -->
<testsuite skipped="0" hostname="IML011017923" name="WebAutomationTest.SikuliTestPractice" tests="1" failures="0" timestamp="08 Feb 2019 12:10:15 GMT" time="7.750" errors="0">
  <testcase name="fileUpload" time="7.750" classname="WebAutomationTest.SikuliTestPractice"/>
</testsuite> <!-- WebAutomationTest.SikuliTestPractice -->
