<?xml version="1.0" encoding="UTF-8"?>
<!-- Generated by org.testng.reporters.JUnitReportReporter -->
<testsuite skipped="0" hostname="IML011017923" name="WebAutomationTest.DragAndDrop" tests="1" failures="0" timestamp="10 Jan 2019 14:32:42 GMT" time="30.045" errors="0">
  <testcase name="Drag1" time="30.045" classname="WebAutomationTest.DragAndDrop"/>
</testsuite> <!-- WebAutomationTest.DragAndDrop -->
