<?xml version="1.0" encoding="UTF-8"?>
<!-- Generated by org.testng.reporters.JUnitReportReporter -->
<testsuite skipped="0" hostname="IML011017923" name="WebAutomationTest.LaunchBrowser" tests="1" failures="0" timestamp="05 Dec 2018 10:12:48 GMT" time="24.353" errors="0">
  <testcase name="BrowserTest" time="24.353" classname="WebAutomationTest.LaunchBrowser"/>
</testsuite> <!-- WebAutomationTest.LaunchBrowser -->
