<?xml version="1.0" encoding="UTF-8"?>
<!-- Generated by org.testng.reporters.JUnitReportReporter -->
<testsuite skipped="0" hostname="IML011017923" name="WebAutomationTest.Droppable" tests="1" failures="0" timestamp="11 Jan 2019 10:36:00 GMT" time="42.444" errors="0">
  <testcase name="Drop" time="42.444" classname="WebAutomationTest.Droppable"/>
</testsuite> <!-- WebAutomationTest.Droppable -->
