<?xml version="1.0" encoding="UTF-8"?>
<!-- Generated by org.testng.reporters.JUnitReportReporter -->
<testsuite skipped="0" hostname="IML011017923" name="WebAutomationTest.SampleTest" tests="1" failures="0" timestamp="06 Feb 2019 14:16:00 GMT" time="0.251" errors="0">
  <testcase name="test" time="0.251" classname="WebAutomationTest.SampleTest"/>
</testsuite> <!-- WebAutomationTest.SampleTest -->
