<?xml version="1.0" encoding="UTF-8"?>
<!-- Generated by org.testng.reporters.JUnitReportReporter -->
<testsuite skipped="0" hostname="IML011017923" name="WebAutomationTest.ImageComparision" tests="1" failures="0" timestamp="08 Feb 2019 13:28:05 GMT" time="5.823" errors="0">
  <testcase name="imageComp" time="5.823" classname="WebAutomationTest.ImageComparision"/>
</testsuite> <!-- WebAutomationTest.ImageComparision -->
