<?xml version="1.0" encoding="UTF-8"?>
<!-- Generated by org.testng.reporters.JUnitReportReporter -->
<testsuite skipped="0" hostname="IML011017923" name="WebAutomationTest.Window" tests="1" failures="0" timestamp="10 Jan 2019 09:20:29 GMT" time="21.039" errors="0">
  <testcase name="SwitchFrame" time="21.039" classname="WebAutomationTest.Window"/>
</testsuite> <!-- WebAutomationTest.Window -->
