<?xml version="1.0" encoding="UTF-8"?>
<!-- Generated by org.testng.reporters.JUnitReportReporter -->
<testsuite skipped="0" hostname="IML011017923" name="WebAutomationTest.ImageCompPrac" tests="1" failures="0" timestamp="08 Feb 2019 14:22:57 GMT" time="11.923" errors="0">
  <testcase name="imageCmp" time="11.923" classname="WebAutomationTest.ImageCompPrac"/>
</testsuite> <!-- WebAutomationTest.ImageCompPrac -->
