<?xml version="1.0" encoding="UTF-8"?>
<!-- Generated by org.testng.reporters.JUnitReportReporter -->
<testsuite skipped="0" hostname="IML011017923" name="WebAutomationTest.MouseHouver" tests="1" failures="0" timestamp="05 Feb 2019 10:15:25 GMT" time="13.645" errors="0">
  <testcase name="houver" time="13.645" classname="WebAutomationTest.MouseHouver"/>
</testsuite> <!-- WebAutomationTest.MouseHouver -->
