<?xml version="1.0" encoding="UTF-8"?>
<!-- Generated by org.testng.reporters.JUnitReportReporter -->
<testsuite skipped="0" hostname="IML011017923" name="WebAutomationTest.WebTable" tests="1" failures="0" timestamp="06 Feb 2019 11:13:42 GMT" time="0.578" errors="0">
  <testcase name="dynamiWebTable" time="0.578" classname="WebAutomationTest.WebTable"/>
</testsuite> <!-- WebAutomationTest.WebTable -->
