<?xml version="1.0" encoding="UTF-8"?>
<!-- Generated by org.testng.reporters.JUnitReportReporter -->
<testsuite skipped="0" hostname="IML011017923" name="WebAutomationTest.Frame" tests="1" failures="0" timestamp="07 Dec 2018 14:19:12 GMT" time="61.898" errors="0">
  <testcase name="SwitchFrame" time="61.898" classname="WebAutomationTest.Frame"/>
</testsuite> <!-- WebAutomationTest.Frame -->
