<?xml version="1.0" encoding="UTF-8"?>
<!-- Generated by org.testng.reporters.JUnitReportReporter -->
<testsuite skipped="0" hostname="IML011017923" name="WebAutomationTest.DropDown" tests="1" failures="0" timestamp="05 Feb 2019 15:37:09 GMT" time="29.186" errors="0">
  <testcase name="selectDropDown" time="29.186" classname="WebAutomationTest.DropDown"/>
</testsuite> <!-- WebAutomationTest.DropDown -->
