<?xml version="1.0" encoding="UTF-8"?>
<!-- Generated by org.testng.reporters.JUnitReportReporter -->
<testsuite skipped="0" hostname="IML011017923" name="WebAutomationTest.Resizable" tests="1" failures="0" timestamp="11 Jan 2019 10:54:31 GMT" time="86.350" errors="0">
  <testcase name="Resize" time="86.350" classname="WebAutomationTest.Resizable"/>
</testsuite> <!-- WebAutomationTest.Resizable -->
